<?xml version="1.0" encoding="UTF-8"?>
<testng-results skipped="0" failed="0" total="1" passed="1">
  <reporter-output>
  </reporter-output>
  <suite name="Default suite" duration-ms="203327" started-at="2019-11-16T18:57:32Z" finished-at="2019-11-16T19:00:56Z">
    <groups>
    </groups>
    <test name="Default test" duration-ms="203327" started-at="2019-11-16T18:57:32Z" finished-at="2019-11-16T19:00:56Z">
      <class name="com.qa.test.GetAPITest">
        <test-method status="PASS" signature="setup()[pri:0, instance:com.qa.test.GetAPITest@7ff2a664]" name="setup" is-config="true" duration-ms="8" started-at="2019-11-17T00:27:32Z" finished-at="2019-11-17T00:27:32Z">
          <reporter-output>
          </reporter-output>
        </test-method> <!-- setup -->
        <test-method status="PASS" signature="getAPItest()[pri:0, instance:com.qa.test.GetAPITest@7ff2a664]" name="getAPItest" duration-ms="203304" started-at="2019-11-17T00:27:32Z" finished-at="2019-11-17T00:30:56Z">
          <reporter-output>
          </reporter-output>
        </test-method> <!-- getAPItest -->
      </class> <!-- com.qa.test.GetAPITest -->
    </test> <!-- Default test -->
  </suite> <!-- Default suite -->
</testng-results>
