<?xml version="1.0" encoding="UTF-8"?>
<testng-results skipped="0" failed="0" total="2" passed="2">
  <reporter-output>
  </reporter-output>
  <suite name="Default suite" duration-ms="1151" started-at="2019-11-19T19:57:43Z" finished-at="2019-11-19T19:57:45Z">
    <groups>
    </groups>
    <test name="Default test" duration-ms="1151" started-at="2019-11-19T19:57:43Z" finished-at="2019-11-19T19:57:45Z">
      <class name="com.qa.test.GetAPITest">
        <test-method status="PASS" signature="setup()[pri:0, instance:com.qa.test.GetAPITest@326de728]" name="setup" is-config="true" duration-ms="16" started-at="2019-11-20T01:27:43Z" finished-at="2019-11-20T01:27:43Z">
          <reporter-output>
          </reporter-output>
        </test-method> <!-- setup -->
        <test-method status="PASS" signature="getAPItestwithheader()[pri:0, instance:com.qa.test.GetAPITest@326de728]" name="getAPItestwithheader" duration-ms="916" started-at="2019-11-20T01:27:43Z" finished-at="2019-11-20T01:27:44Z">
          <reporter-output>
          </reporter-output>
        </test-method> <!-- getAPItestwithheader -->
        <test-method status="PASS" signature="getAPItestwithoutheader()[pri:0, instance:com.qa.test.GetAPITest@326de728]" name="getAPItestwithoutheader" duration-ms="219" started-at="2019-11-20T01:27:44Z" finished-at="2019-11-20T01:27:45Z">
          <reporter-output>
          </reporter-output>
        </test-method> <!-- getAPItestwithoutheader -->
        <test-method status="PASS" signature="setup()[pri:0, instance:com.qa.test.GetAPITest@326de728]" name="setup" is-config="true" duration-ms="0" started-at="2019-11-20T01:27:44Z" finished-at="2019-11-20T01:27:44Z">
          <reporter-output>
          </reporter-output>
        </test-method> <!-- setup -->
      </class> <!-- com.qa.test.GetAPITest -->
    </test> <!-- Default test -->
  </suite> <!-- Default suite -->
</testng-results>
